2025-11-14T20:24:44.436Z   +140ms [debug] Config loaded {"version":"2.49.6","cdkVersion":"2.201.0","constructsVersion":"10.3.0","config":{"name":"classquest","region":"ca-central-1","stage":"dev","ssmPrefix":"/sst/classquest/dev/"},"metafile":{"inputs":{"infra/sst.config.ts":{"bytes":630,"imports":[{"path":"sst","kind":"import-statement","external":true},{"path":"./stacks/ClassQuestStack","kind":"import-statement","external":true}],"format":"esm"}},"outputs":{"infra/.sst.config.1763151884314.mjs":{"imports":[],"exports":["default"],"entryPoint":"infra/sst.config.ts","inputs":{"infra/sst.config.ts":{"bytesInOutput":122}},"bytes":310}}},"paths":{"config":"C:\\Users\\dmytr\\OneDrive - University of Regina\\University of Regina\\Semester 13 (02-09-2025)\\ENSE 400\\CAPSTONE\\GitHub\\infra\\sst.config.ts","root":"C:\\Users\\dmytr\\OneDrive - University of Regina\\University of Regina\\Semester 13 (02-09-2025)\\ENSE 400\\CAPSTONE\\GitHub\\infra","out":"C:\\Users\\dmytr\\OneDrive - University of Regina\\University of Regina\\Semester 13 (02-09-2025)\\ENSE 400\\CAPSTONE\\GitHub\\infra\\.sst","artifacts":"C:\\Users\\dmytr\\OneDrive - University of Regina\\University of Regina\\Semester 13 (02-09-2025)\\ENSE 400\\CAPSTONE\\GitHub\\infra\\.sst\\artifacts"}}
2025-11-14T20:24:48.063Z  +3627ms [debug] Using AWS profile 
2025-11-14T20:24:48.068Z     +5ms [debug] Created AWS client STSClient
2025-11-14T20:24:48.070Z     +2ms [debug] Fetching app metadata
2025-11-14T20:24:48.071Z     +1ms [debug] Initializing bootstrap context
2025-11-14T20:24:48.074Z     +3ms [debug] Created AWS client CloudFormationClient
2025-11-14T20:24:48.850Z   +776ms [debug] Using identity Account: 715680702922 User: AIDA2NIPE4HFDSMOGWUEO
2025-11-14T20:24:48.851Z     +1ms [debug] Loaded bootstrap status
2025-11-14T20:24:48.852Z     +1ms [debug] Bootstrap context initialized {"status":"ready","version":"7.4","bucket":"sstbootstrap-cacentral157c8926b-mwv5nbefdjel"}
2025-11-14T20:24:51.691Z  +2839ms [debug] Synthesizing stacks...
2025-11-14T20:24:51.713Z    +22ms [debug] Generating types in C:\Users\dmytr\OneDrive - University of Regina\University of Regina\Semester 13 (02-09-2025)\ENSE 400\CAPSTONE\GitHub\infra\.sst\types
2025-11-14T20:24:51.918Z   +205ms [debug] Running 0 deferred tasks with concurrency: 7
2025-11-14T20:24:52.060Z   +142ms [debug] 
2025-11-14T20:24:52.063Z     +3ms [debug] Finished synthesizing
2025-11-14T20:24:52.093Z    +30ms [debug] Deploying stacks ["dev-classquest-ClassQuestStack"]
2025-11-14T20:24:52.103Z    +10ms [debug] Checking if dev-classquest-ClassQuestStack is ready to deploy
2025-11-14T20:24:52.104Z     +1ms [debug] Deploying stack dev-classquest-ClassQuestStack
2025-11-14T20:24:53.105Z  +1001ms [debug] Publishing event {"type":"stack.status","properties":{"stackID":"dev-classquest-ClassQuestStack","status":"PUBLISH_ASSETS_IN_PROGRESS"},"sourceID":"702933b13aff6931b4cf9fe54c6317c3"}
2025-11-14T20:24:58.010Z  +4905ms [debug] Publishing event {"type":"stack.status","properties":{"stackID":"dev-classquest-ClassQuestStack","status":"SKIPPED"},"sourceID":"702933b13aff6931b4cf9fe54c6317c3"}
2025-11-14T20:24:58.015Z     +5ms [debug] Saving app metadata
